<?xml version="1.0" encoding="UTF-8"?>
<!-- Generated by org.testng.reporters.JUnitReportReporter -->
<testsuite hostname="DESKTOP-TL6E7AH" failures="0" tests="1" name="com.DataDrivenTesting.DDT.ReadDataFromCMDTest" time="0.021" errors="0" timestamp="2024-02-14T15:58:43 IST" skipped="0">
  <testcase classname="com.DataDrivenTesting.DDT.ReadDataFromCMDTest" name="readDataFromCMDTest" time="0.021"/>
</testsuite> <!-- com.DataDrivenTesting.DDT.ReadDataFromCMDTest -->
